{"target": 1.448853615520278, "params": {"discount_rate": 0.925057710105384, "hidden_layers": 2.9662010045137626, "learning_rate": 0.00040839685815164393, "neuron_shrink_ratio": 0.45581167272757017, "neurons": 187.1756710223627, "price_clip": 0.4676566116380132, "price_difference": 0.7764223373512358, "sample_batch_size": 97.6001203801065, "target_tau": 0.09537830499897865, "train_iterations": 2.8513564574934476, "window_size": 157.03049595263258}, "datetime": {"datetime": "2020-02-23 13:02:19", "elapsed": 0.0, "delta": 0.0}}
{"target": 1.45859872611465, "params": {"discount_rate": 0.8282133473085057, "hidden_layers": 2.21243088037168, "learning_rate": 0.00044601499508233115, "neuron_shrink_ratio": 0.8240707815703072, "neurons": 251.73556263208874, "price_clip": 0.2993357876947813, "price_difference": 0.2335238388358326, "sample_batch_size": 84.26603711898564, "target_tau": 0.09025713744708942, "train_iterations": 2.353841758367749, "window_size": 126.36647103314343}, "datetime": {"datetime": "2020-02-23 13:04:23", "elapsed": 124.168187, "delta": 124.168187}}
{"target": 0.8660944206008581, "params": {"discount_rate": 0.8661321947364043, "hidden_layers": 1.6139919003372145, "learning_rate": 0.0008191979386308482, "neuron_shrink_ratio": 0.5773344369275, "neurons": 122.06026386126634, "price_clip": 0.9780239510344296, "price_difference": 0.23784733444656303, "sample_batch_size": 85.12663896717986, "target_tau": 0.11863836145823688, "train_iterations": 2.1837962686514425, "window_size": 294.6552225847795}, "datetime": {"datetime": "2020-02-23 13:06:04", "elapsed": 224.672529, "delta": 100.504342}}
{"target": 1.3831858407079651, "params": {"discount_rate": 0.936305354577128, "hidden_layers": 1.2844585845252856, "learning_rate": 0.0006229982165112891, "neuron_shrink_ratio": 0.4540245796518904, "neurons": 197.55965395734717, "price_clip": 0.6310641227346954, "price_difference": 0.40900930552141646, "sample_batch_size": 87.35059291861484, "target_tau": 0.1551465748860934, "train_iterations": 2.22400253912018, "window_size": 153.60003530438934}, "datetime": {"datetime": "2020-02-23 13:07:48", "elapsed": 328.841494, "delta": 104.168965}}
{"target": 1.275150472914873, "params": {"discount_rate": 0.8918376416240639, "hidden_layers": 3.7024965063144855, "learning_rate": 0.0009365384876185705, "neuron_shrink_ratio": 0.3149527602052178, "neurons": 189.95968384237608, "price_clip": 0.7208666556212343, "price_difference": 0.576442894514917, "sample_batch_size": 32.83913493577814, "target_tau": 0.1795981750602991, "train_iterations": 2.289040488361417, "window_size": 80.42914308034791}, "datetime": {"datetime": "2020-02-23 13:09:01", "elapsed": 402.24475, "delta": 73.403256}}
{"target": 0.5166374781085813, "params": {"discount_rate": 0.8, "hidden_layers": 1.0, "learning_rate": 0.0001, "neuron_shrink_ratio": 1.0, "neurons": 8.0, "price_clip": 0.0, "price_difference": 0.0, "sample_batch_size": 128.0, "target_tau": 0.005, "train_iterations": 1.0, "window_size": 31.0}, "datetime": {"datetime": "2020-02-23 13:10:23", "elapsed": 484.083982, "delta": 81.839232}}
{"target": -0.3795555555555562, "params": {"discount_rate": 0.9511882486383099, "hidden_layers": 3.0159507630322238, "learning_rate": 0.0001330739199474195, "neuron_shrink_ratio": 0.7698784604873701, "neurons": 186.74029852100534, "price_clip": 0.15232588370538935, "price_difference": 0.10057452264058298, "sample_batch_size": 94.49617370088077, "target_tau": 0.021894628564004658, "train_iterations": 1.8868224061939087, "window_size": 156.03200645258448}, "datetime": {"datetime": "2020-02-23 13:13:32", "elapsed": 673.297931, "delta": 189.213949}}
{"target": 0.6698774080560419, "params": {"discount_rate": 0.8122197187352803, "hidden_layers": 1.6574502948492364, "learning_rate": 0.0008033843856037337, "neuron_shrink_ratio": 0.6185885761550818, "neurons": 121.21101924021681, "price_clip": 0.13491852615517752, "price_difference": 0.9094866902829215, "sample_batch_size": 24.1534984993322, "target_tau": 0.19982082921509367, "train_iterations": 2.6639087638565497, "window_size": 313.69459084992275}, "datetime": {"datetime": "2020-02-23 13:14:52", "elapsed": 752.510734, "delta": 79.212803}}
{"target": 1.4386989157631322, "params": {"discount_rate": 0.8758383304197983, "hidden_layers": 3.3794550627727182, "learning_rate": 0.000196522570359979, "neuron_shrink_ratio": 0.9881299118821123, "neurons": 102.19511597972745, "price_clip": 0.17791132140359822, "price_difference": 0.6548871300800937, "sample_batch_size": 101.77386136531648, "target_tau": 0.12016767600140901, "train_iterations": 2.751946153891682, "window_size": 106.13196253265758}, "datetime": {"datetime": "2020-02-23 13:18:07", "elapsed": 948.174165, "delta": 195.663431}}
{"target": 0.6966101694915283, "params": {"discount_rate": 0.8373848021173118, "hidden_layers": 3.1317495427924515, "learning_rate": 0.00013221486844862653, "neuron_shrink_ratio": 0.525317293574598, "neurons": 117.94575992432793, "price_clip": 0.9411016439362461, "price_difference": 0.7425056142530791, "sample_batch_size": 114.09835919204006, "target_tau": 0.05003367638959635, "train_iterations": 1.0115772256296314, "window_size": 284.5939750268103}, "datetime": {"datetime": "2020-02-23 13:25:47", "elapsed": 0.0, "delta": 0.0}}
{"target": 1.3221035332785536, "params": {"discount_rate": 0.972230010744721, "hidden_layers": 3.368269680194172, "learning_rate": 0.00024937246889332763, "neuron_shrink_ratio": 0.7324167433900832, "neurons": 96.5766717252847, "price_clip": 0.17482561407527664, "price_difference": 0.6284578263305319, "sample_batch_size": 102.05994862037507, "target_tau": 0.1760684555700068, "train_iterations": 1.1505115629578369, "window_size": 165.43284785104504}, "datetime": {"datetime": "2020-02-23 13:27:18", "elapsed": 91.160666, "delta": 91.160666}}
{"target": 1.9681742043551123, "params": {"discount_rate": 0.9540976822882701, "hidden_layers": 3.537626650821154, "learning_rate": 0.0007468855533112134, "neuron_shrink_ratio": 0.7748996342634509, "neurons": 205.99179392853952, "price_clip": 0.24776415081829994, "price_difference": 0.3050163061054715, "sample_batch_size": 52.622145961488954, "target_tau": 0.06966962113958675, "train_iterations": 2.936688979476533, "window_size": 114.79498114734892}, "datetime": {"datetime": "2020-02-23 13:29:38", "elapsed": 231.457006, "delta": 140.29634}}
{"target": 1.8716392020815251, "params": {"discount_rate": 0.9054759671318245, "hidden_layers": 3.2977639271686803, "learning_rate": 0.0005954234267103771, "neuron_shrink_ratio": 0.8446381337590432, "neurons": 204.6268924105666, "price_clip": 0.3286719748241562, "price_difference": 0.7174489759945536, "sample_batch_size": 100.0551964515636, "target_tau": 0.07959683679764024, "train_iterations": 1.0800744704188237, "window_size": 54.99530079438287}, "datetime": {"datetime": "2020-02-23 13:31:28", "elapsed": 341.516848, "delta": 110.059842}}
{"target": 0.5223367697594515, "params": {"discount_rate": 0.9194752033674942, "hidden_layers": 1.2726130059426164, "learning_rate": 0.0003837248221687085, "neuron_shrink_ratio": 0.8151006102166647, "neurons": 37.32895099027369, "price_clip": 0.6020520097510762, "price_difference": 0.336892891666683, "sample_batch_size": 9.605810900523213, "target_tau": 0.1576588775072595, "train_iterations": 2.9438210582357165, "window_size": 215.86052287704288}, "datetime": {"datetime": "2020-02-23 13:31:58", "elapsed": 371.283969, "delta": 29.767121}}
{"target": 1.6873920552677006, "params": {"discount_rate": 0.8644524129307914, "hidden_layers": 2.9641804685489057, "learning_rate": 0.0007940810912455819, "neuron_shrink_ratio": 0.8399493032344252, "neurons": 202.83045138421153, "price_clip": 0.2600800072164481, "price_difference": 0.604021388914174, "sample_batch_size": 126.86526084230046, "target_tau": 0.04585101893325018, "train_iterations": 1.2567977396817005, "window_size": 344.0082638393419}, "datetime": {"datetime": "2020-02-23 13:34:28", "elapsed": 521.377088, "delta": 150.093119}}
{"target": 2.016666666666664, "params": {"discount_rate": 0.8911394802738045, "hidden_layers": 3.940094722278744, "learning_rate": 0.0009081318611017555, "neuron_shrink_ratio": 0.9530071452767579, "neurons": 103.93085050256636, "price_clip": 0.7073193730219279, "price_difference": 0.8562771137567907, "sample_batch_size": 60.198465430509856, "target_tau": 0.17380064259122358, "train_iterations": 2.2796475620778, "window_size": 84.30657968322237}, "datetime": {"datetime": "2020-02-23 13:36:10", "elapsed": 623.205676, "delta": 101.828588}}
{"target": 1.0343347639484972, "params": {"discount_rate": 0.988446674005897, "hidden_layers": 2.6428759820670766, "learning_rate": 0.0005033685077105167, "neuron_shrink_ratio": 0.3108543625341239, "neurons": 27.504368031461425, "price_clip": 0.799046994323199, "price_difference": 0.5110890897682285, "sample_batch_size": 89.26140214342318, "target_tau": 0.19015017419675148, "train_iterations": 1.0361240718554274, "window_size": 295.8281745846901}, "datetime": {"datetime": "2020-02-23 13:37:19", "elapsed": 691.678881, "delta": 68.473205}}
{"target": 1.7936507936507906, "params": {"discount_rate": 0.944977449749979, "hidden_layers": 3.026125647365991, "learning_rate": 0.0003404991216852495, "neuron_shrink_ratio": 0.8651825135105482, "neurons": 226.9214462892082, "price_clip": 0.9612698521034061, "price_difference": 0.6597335348816324, "sample_batch_size": 123.30886294139609, "target_tau": 0.15260957938118863, "train_iterations": 1.602896620520144, "window_size": 302.5048798855899}, "datetime": {"datetime": "2020-02-23 13:41:28", "elapsed": 941.281124, "delta": 249.602243}}
{"target": -0.43556701030927836, "params": {"discount_rate": 0.8166345232391906, "hidden_layers": 3.361169446123893, "learning_rate": 0.00026082363799627645, "neuron_shrink_ratio": 0.9922809632103489, "neurons": 192.90447553568572, "price_clip": 0.1399890328183251, "price_difference": 0.8482945056640542, "sample_batch_size": 50.471517852464686, "target_tau": 0.17222363999594176, "train_iterations": 1.8579428894075405, "window_size": 300.3493892915584}, "datetime": {"datetime": "2020-02-23 13:43:20", "elapsed": 1052.996147, "delta": 111.715023}}
{"target": 0.5883361921097777, "params": {"discount_rate": 0.9304811054515774, "hidden_layers": 1.8249295607889935, "learning_rate": 0.00013009268458902097, "neuron_shrink_ratio": 0.5409183865728763, "neurons": 126.28233380923889, "price_clip": 0.1022039618650501, "price_difference": 0.5811499622811188, "sample_batch_size": 47.47521348095873, "target_tau": 0.02658030662354884, "train_iterations": 1.3276449338746035, "window_size": 40.40045636296811}, "datetime": {"datetime": "2020-02-23 13:44:01", "elapsed": 1094.51748, "delta": 41.521333}}
{"target": 1.283261802575106, "params": {"discount_rate": 0.8077848989772437, "hidden_layers": 3.084891987763722, "learning_rate": 0.00020348645057219436, "neuron_shrink_ratio": 0.5116616070738339, "neurons": 63.85363849372085, "price_clip": 0.38726163619965726, "price_difference": 0.6572878572996189, "sample_batch_size": 21.45406347098853, "target_tau": 0.0706177149190634, "train_iterations": 2.4502388371693344, "window_size": 140.69926727047925}, "datetime": {"datetime": "2020-02-23 13:44:42", "elapsed": 1134.887152, "delta": 40.369672}}
